<?xml version="1.0" encoding="UTF-8"?>
<!-- Generated by org.testng.reporters.JUnitXMLReporter -->
<testsuite ignored="1" hostname="Abhi" failures="0" tests="3" name="Default test" time="51.019" errors="0" timestamp="2023-02-13T21:53:35 IST">
  <testcase classname="Tests.LoginPageTest" name="verifyInvalidCredentials" time="1.532"/>
  <testcase classname="Tests.LoginPageTest" name="verifyInvalidCredentials" time="1.453"/>
  <testcase classname="Tests.LoginPageTest" name="verifyInvalidCredentials" time="2.873"/>
  <testcase classname="Tests.LoginPageTest" name="verifyLogin" time="0.0">
    <ignored/>
  </testcase> <!-- verifyLogin -->
</testsuite> <!-- Default test -->
