<?xml version="1.0" encoding="UTF-8"?>
<testsuite name="TestSuite" time="4.846" tests="4" errors="0" skipped="0" failures="2">
  <properties>
[...]
</properties>
  <testcase name="verifyInvalidCredentials" classname="Tests.LoginPageTest" time="1.826">
    <failure message="Error Msg for Blank Username/Password..... expected [Required] but found [Required123]" type="java.lang.AssertionError">java.lang.AssertionError: Error Msg for Blank Username/Password..... expected [Required] but found [Required123]
	at org.testng.Assert.fail(Assert.java:110)
	at org.testng.Assert.failNotEquals(Assert.java:1577)
	at org.testng.Assert.assertEqualsImpl(Assert.java:149)
	at org.testng.Assert.assertEquals(Assert.java:131)
	at org.testng.Assert.assertEquals(Assert.java:655)
	at Tests.LoginPageTest.verifyInvalidCredentials(LoginPageTest.java:43)
</failure>
    <system-out><![CDATA[onTestStart method executed : verifyInvalidCredentials
###########  onTestFailure method executed LoginPageTest.verifyInvalidCredentials(java.lang.String,java.lang.String)[pri:0, instance:Tests.LoginPageTest@f0da945]
]]></system-out>
    <system-err><![CDATA[SLF4J: Failed to load class "org.slf4j.impl.StaticLoggerBinder".
SLF4J: Defaulting to no-operation (NOP) logger implementation
SLF4J: See http://www.slf4j.org/codes.html#StaticLoggerBinder for further details.
Starting ChromeDriver 110.0.5481.77 (65ed616c6e8ee3fe0ad64fe83796c020644d42af-refs/branch-heads/5481@{#839}) on port 20215
Only local connections are allowed.
Please see https://chromedriver.chromium.org/security-considerations for suggestions on keeping ChromeDriver safe.
ChromeDriver was started successfully.
[1676463801.092][WARNING]: virtual void DevToolsClientImpl::AddListener(DevToolsEventListener *) subscribing a listener to the already connected DevToolsClient. Connection notification will not arrive.
Feb 15, 2023 5:53:21 PM org.openqa.selenium.devtools.CdpVersionFinder findNearestMatch
WARNING: Unable to find an exact match for CDP version 110, so returning the closest version found: 109
]]></system-err>
  </testcase>
  <testcase name="verifyInvalidCredentials" classname="Tests.LoginPageTest" time="2.176">
    <failure message="Error Msg for Blank Username/Password..... expected [Required] but found [Required123]" type="java.lang.AssertionError">java.lang.AssertionError: Error Msg for Blank Username/Password..... expected [Required] but found [Required123]
	at org.testng.Assert.fail(Assert.java:110)
	at org.testng.Assert.failNotEquals(Assert.java:1577)
	at org.testng.Assert.assertEqualsImpl(Assert.java:149)
	at org.testng.Assert.assertEquals(Assert.java:131)
	at org.testng.Assert.assertEquals(Assert.java:655)
	at Tests.LoginPageTest.verifyInvalidCredentials(LoginPageTest.java:43)
</failure>
    <system-out><![CDATA[onTestStart method executed : verifyInvalidCredentials
###########  onTestFailure method executed LoginPageTest.verifyInvalidCredentials(java.lang.String,java.lang.String)[pri:0, instance:Tests.LoginPageTest@f0da945]
]]></system-out>
    <system-err><![CDATA[Starting ChromeDriver 110.0.5481.77 (65ed616c6e8ee3fe0ad64fe83796c020644d42af-refs/branch-heads/5481@{#839}) on port 32273
Only local connections are allowed.
Please see https://chromedriver.chromium.org/security-considerations for suggestions on keeping ChromeDriver safe.
ChromeDriver was started successfully.
[1676463813.021][WARNING]: virtual void DevToolsClientImpl::AddListener(DevToolsEventListener *) subscribing a listener to the already connected DevToolsClient. Connection notification will not arrive.
Feb 15, 2023 5:53:33 PM org.openqa.selenium.devtools.CdpVersionFinder findNearestMatch
WARNING: Unable to find an exact match for CDP version 110, so returning the closest version found: 109
]]></system-err>
  </testcase>
  <testcase name="verifyInvalidCredentials" classname="Tests.LoginPageTest" time="3"/>
  <testcase name="verifyLogin" classname="Tests.LoginPageTest" time="3.02"/>
</testsuite>